2023-05-23 19:05:551 INFO BankManagerPage : 20 - Click on Bank Manger Login button[[ChromeDriver: chrome on WINDOWS (a08b958f2dd3394223b92989eea472d3)] -> css selector: button[ng-click='manager()']]
2023-05-23 19:05:928 INFO AddCustomerPage : 35 - Click on Add Customer tab [[ChromeDriver: chrome on WINDOWS (a08b958f2dd3394223b92989eea472d3)] -> xpath: //button[normalize-space()='Add Customer']]
2023-05-23 19:05:337 INFO AddCustomerPage : 38 - Enter First name [[ChromeDriver: chrome on WINDOWS (a08b958f2dd3394223b92989eea472d3)] -> css selector: input[placeholder='First Name']]
2023-05-23 19:05:394 INFO AddCustomerPage : 41 - Enter Last name  Patel
2023-05-23 19:05:466 INFO AddCustomerPage : 44 - Enter Postcode [[ChromeDriver: chrome on WINDOWS (a08b958f2dd3394223b92989eea472d3)] -> xpath: //input[@placeholder='Post Code']]
2023-05-23 19:05:527 INFO AddCustomerPage : 47 - Click on Add Customer button [[ChromeDriver: chrome on WINDOWS (a08b958f2dd3394223b92989eea472d3)] -> xpath: //body[1]/div[3]/div[1]/div[2]/div[1]/div[2]/div[1]/div[1]/form[1]/button[1]]
2023-05-23 19:05:946 INFO BankManagerPage : 20 - Click on Bank Manger Login button[[ChromeDriver: chrome on WINDOWS (76467a15411b8859449c8a124c75b1d3)] -> css selector: button[ng-click='manager()']]
2023-05-23 19:05:359 INFO OpenAccountPage : 29 - Click on Open Account Tab [[ChromeDriver: chrome on WINDOWS (76467a15411b8859449c8a124c75b1d3)] -> xpath: //body[1]/div[3]/div[1]/div[2]/div[1]/div[1]/button[2]]
2023-05-23 19:05:788 INFO OpenAccountPage : 32 - Select Customer name  [[ChromeDriver: chrome on WINDOWS (76467a15411b8859449c8a124c75b1d3)] -> xpath: //body[1]/div[3]/div[1]/div[2]/div[1]/div[2]/div[1]/div[1]/form[1]/div[1]/select[1]]
2023-05-23 19:05:911 INFO OpenAccountPage : 35 - Select Currency [[ChromeDriver: chrome on WINDOWS (76467a15411b8859449c8a124c75b1d3)] -> xpath: //body[1]/div[3]/div[1]/div[2]/div[1]/div[2]/div[1]/div[1]/form[1]/div[2]/select[1]]
2023-05-23 19:05:08 INFO OpenAccountPage : 38 - Click on process button [[ChromeDriver: chrome on WINDOWS (76467a15411b8859449c8a124c75b1d3)] -> xpath: //button[normalize-space()='Process']]
2023-05-23 19:05:773 INFO CustomerLoginPage : 35 - Click on Customer Tab[[ChromeDriver: chrome on WINDOWS (780959ecea463b6d22a0504209a6a1a4)] -> xpath: //body[1]/div[3]/div[1]/div[2]/div[1]/div[1]/div[1]/button[1]]
2023-05-23 19:05:146 INFO CustomerLoginPage : 39 - Select customer [[ChromeDriver: chrome on WINDOWS (780959ecea463b6d22a0504209a6a1a4)] -> xpath: //body[1]/div[3]/div[1]/div[2]/div[1]/form[1]/div[1]/select[1]]
2023-05-23 19:05:274 INFO CustomerLoginPage : 43 - Click on Login button[[ChromeDriver: chrome on WINDOWS (780959ecea463b6d22a0504209a6a1a4)] -> xpath: //body[1]/div[3]/div[1]/div[2]/div[1]/form[1]/button[1]]
2023-05-23 19:05:662 INFO CustomerLoginPage : 48 - Verify Login message[[ChromeDriver: chrome on WINDOWS (780959ecea463b6d22a0504209a6a1a4)] -> xpath: //body[1]/div[3]/div[1]/div[2]/div[1]/div[1]/strong[1]/span[1]]
2023-05-23 19:05:689 INFO CustomerLoginPage : 55 - Verify Logout Tab displayed or not[[ChromeDriver: chrome on WINDOWS (780959ecea463b6d22a0504209a6a1a4)] -> xpath: //button[normalize-space()='Logout']]
2023-05-23 19:05:736 INFO CustomerLoginPage : 59 - Click on Logout button[[ChromeDriver: chrome on WINDOWS (780959ecea463b6d22a0504209a6a1a4)] -> xpath: //button[normalize-space()='Logout']]
2023-05-23 19:05:786 INFO CustomerLoginPage : 63 - Get your name text[[ChromeDriver: chrome on WINDOWS (780959ecea463b6d22a0504209a6a1a4)] -> xpath: //label[normalize-space()='Your Name :']]
2023-05-23 19:05:481 INFO CustomerLoginPage : 35 - Click on Customer Tab[[ChromeDriver: chrome on WINDOWS (4f434de2ac72788a3740a8f4d478e152)] -> xpath: //body[1]/div[3]/div[1]/div[2]/div[1]/div[1]/div[1]/button[1]]
2023-05-23 19:05:893 INFO CustomerLoginPage : 39 - Select customer [[ChromeDriver: chrome on WINDOWS (4f434de2ac72788a3740a8f4d478e152)] -> xpath: //body[1]/div[3]/div[1]/div[2]/div[1]/form[1]/div[1]/select[1]]
2023-05-23 19:05:36 INFO CustomerLoginPage : 43 - Click on Login button[[ChromeDriver: chrome on WINDOWS (4f434de2ac72788a3740a8f4d478e152)] -> xpath: //body[1]/div[3]/div[1]/div[2]/div[1]/form[1]/button[1]]
2023-05-23 19:05:568 INFO CustomerLoginPage : 48 - Verify Login message[[ChromeDriver: chrome on WINDOWS (4f434de2ac72788a3740a8f4d478e152)] -> xpath: //body[1]/div[3]/div[1]/div[2]/div[1]/div[1]/strong[1]/span[1]]
2023-05-23 19:05:608 INFO CustomersPage : 50 - Click on Deposit button[[ChromeDriver: chrome on WINDOWS (4f434de2ac72788a3740a8f4d478e152)] -> xpath: //body[1]/div[3]/div[1]/div[2]/div[1]/div[3]/button[2]]
2023-05-23 19:05:658 INFO CustomersPage : 46 - Enter Deposit Amount [[ChromeDriver: chrome on WINDOWS (4f434de2ac72788a3740a8f4d478e152)] -> xpath: //input[@placeholder='amount']]
2023-05-23 19:05:821 INFO CustomersPage : 41 - Click on Deposit button[[ChromeDriver: chrome on WINDOWS (4f434de2ac72788a3740a8f4d478e152)] -> xpath: //body[1]/div[3]/div[1]/div[2]/div[1]/div[4]/div[1]/form[1]/button[1]]
2023-05-23 19:05:931 INFO CustomersPage : 54 - Click on withdrawl[[ChromeDriver: chrome on WINDOWS (4f434de2ac72788a3740a8f4d478e152)] -> xpath: //body[1]/div[3]/div[1]/div[2]/div[1]/div[3]/button[3]]
2023-05-23 19:05:37 INFO CustomersPage : 62 - Enter Withdrawal Amount[[ChromeDriver: chrome on WINDOWS (4f434de2ac72788a3740a8f4d478e152)] -> xpath: //body[1]/div[3]/div[1]/div[2]/div[1]/div[4]/div[1]/form[1]/div[1]/input[1]]
2023-05-23 19:05:159 INFO CustomersPage : 67 - Click on Withdraw button[[ChromeDriver: chrome on WINDOWS (4f434de2ac72788a3740a8f4d478e152)] -> xpath: (//button[normalize-space()='Withdraw'])[1]]
2023-05-23 19:05:215 INFO CustomersPage : 71 - Verify Withdrawl Transaction text[[ChromeDriver: chrome on WINDOWS (4f434de2ac72788a3740a8f4d478e152)] -> xpath: (//span[@class='error ng-binding'])[1]]
